[0m2021.07.07 12:09:23 INFO  Started: Metals version 0.10.4 in workspace '/home/cgvalenzuelac/Documentos/scala-webapp-template' for client Visual Studio Code 1.57.1.[0m
[0m2021.07.07 12:09:29 INFO  time: initialize in 5.44s[0m
[0m2021.07.07 12:09:29 WARN  Build server is not auto-connectable.[0m
[0m2021.07.07 12:09:29 WARN  no build target for: /home/cgvalenzuelac/Documentos/scala-webapp-template/web/src/main/scala/net/wiringbits/components/widgets/SignInForm.scala[0m
Align: top-level presets deprecated; use 'preset' subsection
[0m2021.07.07 12:09:35 INFO  no build target: using presentation compiler with only scala-library: 2.12.14[0m
[0m2021.07.07 12:09:39 INFO  time: code lens generation in 10s[0m
jul 07, 2021 12:11:18 P. M. org.eclipse.lsp4j.jsonrpc.RemoteEndpoint handleCancellation
ADVERTENCIA: Unmatched cancel notification for request id 11
[0m2021.07.07 12:11:32 WARN  no build target for: /home/cgvalenzuelac/Documentos/scala-webapp-template/lib/ui/src/main/scala/net/wiringbits/ui/components/core/widgets/Container.scala[0m
[0m2021.07.07 15:34:17 INFO  shutting down Metals[0m
[0m2021.07.07 15:34:17 ERROR Unexpected error initializing server
org.eclipse.lsp4j.jsonrpc.ResponseErrorException: Request window/showMessageRequest failed with message: Canceled
	at org.eclipse.lsp4j.jsonrpc.RemoteEndpoint.handleResponse(RemoteEndpoint.java:209)
	at org.eclipse.lsp4j.jsonrpc.RemoteEndpoint.consume(RemoteEndpoint.java:193)
	at org.eclipse.lsp4j.jsonrpc.json.StreamMessageProducer.handleMessage(StreamMessageProducer.java:194)
	at org.eclipse.lsp4j.jsonrpc.json.StreamMessageProducer.listen(StreamMessageProducer.java:94)
	at org.eclipse.lsp4j.jsonrpc.json.ConcurrentMessageProcessor.run(ConcurrentMessageProcessor.java:113)
	at java.util.concurrent.Executors$RunnableAdapter.call(Executors.java:515)
	at java.util.concurrent.FutureTask.run(FutureTask.java:264)
	at java.util.concurrent.ThreadPoolExecutor.runWorker(ThreadPoolExecutor.java:1128)
	at java.util.concurrent.ThreadPoolExecutor$Worker.run(ThreadPoolExecutor.java:628)
	at java.lang.Thread.run(Thread.java:829)
[0m
[0m2021.07.11 20:50:13 INFO  Started: Metals version 0.10.4 in workspace '/home/cgvalenzuelac/Documentos/scala-webapp-template' for client Visual Studio Code 1.58.0.[0m
[0m2021.07.11 20:50:15 INFO  time: initialize in 1.94s[0m
[0m2021.07.11 20:50:15 WARN  Build server is not auto-connectable.[0m
[0m2021.07.11 20:50:15 WARN  no build target for: /home/cgvalenzuelac/Documentos/scala-webapp-template/web/src/main/scala/net/wiringbits/components/widgets/SignInForm.scala[0m
[0m2021.07.11 20:50:15 INFO  skipping build import with status 'Requested'[0m
Align: top-level presets deprecated; use 'preset' subsection
[0m2021.07.11 20:50:21 INFO  no build target: using presentation compiler with only scala-library: 2.12.14[0m
[0m2021.07.11 20:50:23 INFO  time: code lens generation in 6.12s[0m
[0m2021.07.11 20:50:23 INFO  time: code lens generation in 7.71s[0m
jul 11, 2021 8:55:18 P. M. org.eclipse.lsp4j.jsonrpc.services.GenericEndpoint notify
INFORMACIÓN: Unsupported notification method: $/setTrace
[0m2021.07.11 21:03:43 INFO  shutting down Metals[0m
[0m2021.07.12 11:41:08 INFO  Started: Metals version 0.10.4 in workspace '/home/cgvalenzuelac/Documentos/scala-webapp-template' for client Visual Studio Code 1.58.0.[0m
java.util.concurrent.RejectedExecutionException: Task scala.concurrent.impl.CallbackRunnable@2be0cac6 rejected from java.util.concurrent.ThreadPoolExecutor@1e5c7a25[Shutting down, pool size = 1, active threads = 1, queued tasks = 0, completed tasks = 1]
	at java.base/java.util.concurrent.ThreadPoolExecutor$AbortPolicy.rejectedExecution(ThreadPoolExecutor.java:2055)
	at java.base/java.util.concurrent.ThreadPoolExecutor.reject(ThreadPoolExecutor.java:825)
	at java.base/java.util.concurrent.ThreadPoolExecutor.execute(ThreadPoolExecutor.java:1355)
	at scala.concurrent.impl.ExecutionContextImpl$$anon$4.execute(ExecutionContextImpl.scala:138)
	at scala.concurrent.impl.CallbackRunnable.executeWithValue(Promise.scala:72)
	at scala.concurrent.impl.Promise$DefaultPromise.$anonfun$tryComplete$1(Promise.scala:288)
	at scala.concurrent.impl.Promise$DefaultPromise.$anonfun$tryComplete$1$adapted(Promise.scala:288)
	at scala.concurrent.impl.Promise$DefaultPromise.tryComplete(Promise.scala:288)
	at scala.concurrent.Promise.complete(Promise.scala:53)
	at scala.concurrent.Promise.complete$(Promise.scala:52)
	at scala.concurrent.impl.Promise$DefaultPromise.complete(Promise.scala:187)
	at scala.concurrent.impl.Promise.$anonfun$transform$1(Promise.scala:33)
	at scala.concurrent.impl.CallbackRunnable.run(Promise.scala:64)
	at java.base/java.util.concurrent.ThreadPoolExecutor.runWorker(ThreadPoolExecutor.java:1128)
	at java.base/java.util.concurrent.ThreadPoolExecutor$Worker.run(ThreadPoolExecutor.java:628)
	at java.base/java.lang.Thread.run(Thread.java:829)
